<?xml version="1.0" encoding="UTF-8"?>
<!-- Generated by org.testng.reporters.JUnitXMLReporter -->
<testsuite hostname="DESKTOP-66SGQGC" ignored="0" name="Test" tests="3" failures="0" timestamp="08 May 2020 03:23:01 GMT" time="30.092" errors="0">
  <testcase name="amazonchrome" time="14.084" classname="com.ibmdemo.AmazonChrome"/>
  <testcase name="flipkartfirefox" time="24.544" classname="com.ibmdemo.FlipkartFirefox"/>
  <testcase name="flipkartfirefox" time="15.93" classname="com.ibmdemo.AmazonChrome"/>
</testsuite> <!-- Test -->
