<?xml version="1.0" encoding="UTF-8"?>
<!-- Generated by org.testng.reporters.JUnitXMLReporter -->
<testsuite hostname="DESKTOP-66SGQGC" ignored="0" name="Test" tests="3" failures="0" timestamp="07 May 2020 01:25:53 GMT" time="19.406" errors="0">
  <testcase name="amazonchrome" time="16.185" classname="com.ibmdemo.AmazonChrome"/>
  <testcase name="workPlaceXTChrome" time="19.108" classname="com.ibmdemo.WorkPlaceXT"/>
  <testcase name="flipkartfirefox" time="19.366" classname="com.ibmdemo.FlipkartFirefox"/>
</testsuite> <!-- Test -->
