<?xml version="1.0" encoding="UTF-8"?>
<testng-results skipped="0" failed="0" ignored="0" total="3" passed="3">
  <reporter-output>
  </reporter-output>
  <suite name="Suite" duration-ms="30092" started-at="2020-05-08T03:22:30Z" finished-at="2020-05-08T03:23:01Z">
    <groups>
    </groups>
    <test name="Test" duration-ms="30092" started-at="2020-05-08T03:22:30Z" finished-at="2020-05-08T03:23:01Z">
      <class name="com.ibmdemo.FlipkartFirefox">
        <test-method status="PASS" signature="flipkartfirefox()[pri:0, instance:com.ibmdemo.FlipkartFirefox@13eb8acf]" name="flipkartfirefox" duration-ms="24544" started-at="2020-05-08T03:22:30Z" finished-at="2020-05-08T03:22:55Z">
          <reporter-output>
          </reporter-output>
        </test-method> <!-- flipkartfirefox -->
      </class> <!-- com.ibmdemo.FlipkartFirefox -->
      <class name="com.ibmdemo.AmazonChrome">
        <test-method status="PASS" signature="amazonchrome()[pri:0, instance:com.ibmdemo.AmazonChrome@543c6f6d]" name="amazonchrome" duration-ms="14084" started-at="2020-05-08T03:22:30Z" finished-at="2020-05-08T03:22:45Z">
          <reporter-output>
          </reporter-output>
        </test-method> <!-- amazonchrome -->
        <test-method status="PASS" signature="flipkartfirefox()[pri:0, instance:com.ibmdemo.AmazonChrome@543c6f6d]" name="flipkartfirefox" duration-ms="15930" started-at="2020-05-08T03:22:45Z" finished-at="2020-05-08T03:23:01Z">
          <reporter-output>
          </reporter-output>
        </test-method> <!-- flipkartfirefox -->
      </class> <!-- com.ibmdemo.AmazonChrome -->
    </test> <!-- Test -->
  </suite> <!-- Suite -->
</testng-results>
