<?xml version="1.0" encoding="UTF-8"?>
<testng-results skipped="0" failed="0" ignored="0" total="2" passed="2">
  <reporter-output>
  </reporter-output>
  <suite name="Suite" duration-ms="19411" started-at="2020-05-06T01:05:23Z" finished-at="2020-05-06T01:05:43Z">
    <groups>
    </groups>
    <test name="Test" duration-ms="19411" started-at="2020-05-06T01:05:23Z" finished-at="2020-05-06T01:05:43Z">
      <class name="com.ibmdemo.FlipkartFirefox">
        <test-method status="PASS" signature="flipkartfirefox()[pri:0, instance:com.ibmdemo.FlipkartFirefox@59f99ea]" name="flipkartfirefox" duration-ms="19375" started-at="2020-05-06T01:05:23Z" finished-at="2020-05-06T01:05:43Z">
          <reporter-output>
          </reporter-output>
        </test-method> <!-- flipkartfirefox -->
      </class> <!-- com.ibmdemo.FlipkartFirefox -->
      <class name="com.ibmdemo.AmazonChrome">
        <test-method status="PASS" signature="amazonchrome()[pri:0, instance:com.ibmdemo.AmazonChrome@ae45eb6]" name="amazonchrome" duration-ms="14471" started-at="2020-05-06T01:05:23Z" finished-at="2020-05-06T01:05:38Z">
          <reporter-output>
          </reporter-output>
        </test-method> <!-- amazonchrome -->
      </class> <!-- com.ibmdemo.AmazonChrome -->
    </test> <!-- Test -->
  </suite> <!-- Suite -->
</testng-results>
